mode: set
github.com/SantiLonzieme/goweb/internal/usuarios/repository.go:35.47,39.2 1 1
github.com/SantiLonzieme/goweb/internal/usuarios/repository.go:41.50,45.16 3 1
github.com/SantiLonzieme/goweb/internal/usuarios/repository.go:48.2,48.22 1 1
github.com/SantiLonzieme/goweb/internal/usuarios/repository.go:45.16,47.3 1 0
github.com/SantiLonzieme/goweb/internal/usuarios/repository.go:51.44,54.45 2 1
github.com/SantiLonzieme/goweb/internal/usuarios/repository.go:58.2,58.24 1 1
github.com/SantiLonzieme/goweb/internal/usuarios/repository.go:62.2,62.42 1 1
github.com/SantiLonzieme/goweb/internal/usuarios/repository.go:54.45,56.3 1 0
github.com/SantiLonzieme/goweb/internal/usuarios/repository.go:58.24,60.3 1 0
github.com/SantiLonzieme/goweb/internal/usuarios/repository.go:65.148,70.16 3 1
github.com/SantiLonzieme/goweb/internal/usuarios/repository.go:74.2,78.45 3 1
github.com/SantiLonzieme/goweb/internal/usuarios/repository.go:82.2,82.21 1 1
github.com/SantiLonzieme/goweb/internal/usuarios/repository.go:70.16,72.3 1 0
github.com/SantiLonzieme/goweb/internal/usuarios/repository.go:78.45,80.3 1 0
github.com/SantiLonzieme/goweb/internal/usuarios/repository.go:86.58,102.16 4 1
github.com/SantiLonzieme/goweb/internal/usuarios/repository.go:106.2,106.26 1 1
github.com/SantiLonzieme/goweb/internal/usuarios/repository.go:114.2,114.14 1 1
github.com/SantiLonzieme/goweb/internal/usuarios/repository.go:118.2,118.45 1 1
github.com/SantiLonzieme/goweb/internal/usuarios/repository.go:122.2,122.15 1 1
github.com/SantiLonzieme/goweb/internal/usuarios/repository.go:102.16,104.3 1 0
github.com/SantiLonzieme/goweb/internal/usuarios/repository.go:106.26,107.27 1 1
github.com/SantiLonzieme/goweb/internal/usuarios/repository.go:107.27,111.4 3 1
github.com/SantiLonzieme/goweb/internal/usuarios/repository.go:114.14,116.3 1 0
github.com/SantiLonzieme/goweb/internal/usuarios/repository.go:118.45,120.3 1 0
github.com/SantiLonzieme/goweb/internal/usuarios/repository.go:125.43,132.16 4 1
github.com/SantiLonzieme/goweb/internal/usuarios/repository.go:136.2,136.26 1 1
github.com/SantiLonzieme/goweb/internal/usuarios/repository.go:143.2,143.14 1 1
github.com/SantiLonzieme/goweb/internal/usuarios/repository.go:147.2,149.45 2 1
github.com/SantiLonzieme/goweb/internal/usuarios/repository.go:153.2,153.12 1 1
github.com/SantiLonzieme/goweb/internal/usuarios/repository.go:132.16,134.3 1 0
github.com/SantiLonzieme/goweb/internal/usuarios/repository.go:136.26,137.27 1 1
github.com/SantiLonzieme/goweb/internal/usuarios/repository.go:137.27,140.4 2 1
github.com/SantiLonzieme/goweb/internal/usuarios/repository.go:143.14,145.3 1 0
github.com/SantiLonzieme/goweb/internal/usuarios/repository.go:149.45,151.3 1 0
github.com/SantiLonzieme/goweb/internal/usuarios/repository.go:157.93,165.16 4 1
github.com/SantiLonzieme/goweb/internal/usuarios/repository.go:169.2,169.26 1 1
github.com/SantiLonzieme/goweb/internal/usuarios/repository.go:177.2,177.14 1 1
github.com/SantiLonzieme/goweb/internal/usuarios/repository.go:181.2,181.45 1 1
github.com/SantiLonzieme/goweb/internal/usuarios/repository.go:184.2,184.15 1 1
github.com/SantiLonzieme/goweb/internal/usuarios/repository.go:165.16,167.3 1 0
github.com/SantiLonzieme/goweb/internal/usuarios/repository.go:169.26,170.27 1 1
github.com/SantiLonzieme/goweb/internal/usuarios/repository.go:170.27,175.4 4 1
github.com/SantiLonzieme/goweb/internal/usuarios/repository.go:177.14,179.3 1 0
github.com/SantiLonzieme/goweb/internal/usuarios/repository.go:181.45,183.3 1 0
github.com/SantiLonzieme/goweb/internal/usuarios/service.go:16.39,20.2 1 1
github.com/SantiLonzieme/goweb/internal/usuarios/service.go:22.47,25.16 2 1
github.com/SantiLonzieme/goweb/internal/usuarios/service.go:28.2,28.22 1 1
github.com/SantiLonzieme/goweb/internal/usuarios/service.go:25.16,27.3 1 0
github.com/SantiLonzieme/goweb/internal/usuarios/service.go:32.58,35.16 2 1
github.com/SantiLonzieme/goweb/internal/usuarios/service.go:39.2,43.16 3 1
github.com/SantiLonzieme/goweb/internal/usuarios/service.go:47.2,47.21 1 1
github.com/SantiLonzieme/goweb/internal/usuarios/service.go:35.16,37.3 1 0
github.com/SantiLonzieme/goweb/internal/usuarios/service.go:43.16,45.3 1 0
github.com/SantiLonzieme/goweb/internal/usuarios/service.go:51.58,55.2 1 1
github.com/SantiLonzieme/goweb/internal/usuarios/service.go:57.40,59.2 1 1
github.com/SantiLonzieme/goweb/internal/usuarios/service.go:61.90,63.2 1 1
